2025-07-22 10:17:27,489 - experiment_ablation - INFO - log_info:112 - Experiment Logger initialized for: ablation
2025-07-22 10:17:27,489 - experiment_ablation - INFO - log_info:112 - Session ID: 20250722_101727
2025-07-22 10:17:27,489 - experiment_ablation - INFO - log_info:112 - Output directory: results\ablation_study\full_adaptive_seed42
2025-07-22 10:17:28,940 - experiment_ablation - INFO - log_info:112 - Running ablation mode: full_adaptive
2025-07-22 10:17:28,941 - experiment_ablation - INFO - log_info:112 - Monitor: True, Controller: True
2025-07-22 10:18:12,708 - experiment_ablation - INFO - log_info:112 - Epoch 1: Train Loss=1.8164, Train Acc=0.2510; Val Loss=1.7125, Val Acc=0.3280
2025-07-22 10:18:58,953 - experiment_ablation - INFO - log_info:112 - Epoch 2: Train Loss=1.5982, Train Acc=0.3807; Val Loss=1.5455, Val Acc=0.4180
2025-07-22 10:19:51,218 - experiment_ablation - INFO - log_info:112 - Epoch 3: Train Loss=1.4326, Train Acc=0.4505; Val Loss=1.3356, Val Acc=0.5110
2025-07-22 10:20:45,847 - experiment_ablation - INFO - log_info:112 - Epoch 4: Train Loss=1.2814, Train Acc=0.4955; Val Loss=1.2662, Val Acc=0.5050
2025-07-22 10:21:36,546 - experiment_ablation - INFO - log_info:112 - Epoch 5: Train Loss=1.1629, Train Acc=0.5245; Val Loss=1.1813, Val Acc=0.5230
2025-07-22 10:22:26,647 - experiment_ablation - INFO - log_info:112 - Epoch 6: Train Loss=1.1329, Train Acc=0.5400; Val Loss=1.2050, Val Acc=0.5260
2025-07-22 10:23:23,758 - experiment_ablation - INFO - log_info:112 - Epoch 7: Train Loss=1.0692, Train Acc=0.5725; Val Loss=1.0969, Val Acc=0.5360
2025-07-22 10:24:12,606 - experiment_ablation - INFO - log_info:112 - Epoch 8: Train Loss=0.9784, Train Acc=0.5927; Val Loss=1.0936, Val Acc=0.5440
2025-07-22 10:24:59,251 - experiment_ablation - INFO - log_info:112 - Epoch 9: Train Loss=1.0028, Train Acc=0.6208; Val Loss=1.0315, Val Acc=0.5640
2025-07-22 10:25:44,954 - experiment_ablation - INFO - log_info:112 - Epoch 10: Train Loss=1.0690, Train Acc=0.6218; Val Loss=1.2201, Val Acc=0.5740
2025-07-22 10:26:30,893 - experiment_ablation - INFO - log_info:112 - Epoch 11: Train Loss=0.9457, Train Acc=0.6452; Val Loss=1.2717, Val Acc=0.5780
2025-07-22 10:27:17,289 - experiment_ablation - INFO - log_info:112 - Epoch 12: Train Loss=0.9342, Train Acc=0.6675; Val Loss=1.2146, Val Acc=0.5590
2025-07-22 10:28:03,351 - experiment_ablation - INFO - log_info:112 - Epoch 13: Train Loss=0.9241, Train Acc=0.6845; Val Loss=1.1542, Val Acc=0.5610
2025-07-22 10:28:53,281 - experiment_ablation - INFO - log_info:112 - Epoch 14: Train Loss=0.8249, Train Acc=0.6943; Val Loss=1.0730, Val Acc=0.5840
2025-07-22 10:29:43,161 - experiment_ablation - INFO - log_info:112 - Epoch 15: Train Loss=0.8371, Train Acc=0.7165; Val Loss=1.3099, Val Acc=0.5730
2025-07-22 10:30:32,035 - experiment_ablation - INFO - log_info:112 - Epoch 16: Train Loss=0.7566, Train Acc=0.7230; Val Loss=1.2517, Val Acc=0.5790
2025-07-22 10:31:18,351 - experiment_ablation - INFO - log_info:112 - Epoch 17: Train Loss=0.7611, Train Acc=0.7362; Val Loss=1.2563, Val Acc=0.5970
2025-07-22 10:32:05,589 - experiment_ablation - INFO - log_info:112 - Epoch 18: Train Loss=0.6863, Train Acc=0.7680; Val Loss=1.2423, Val Acc=0.5940
2025-07-22 10:32:51,632 - experiment_ablation - INFO - log_info:112 - Epoch 19: Train Loss=0.6612, Train Acc=0.7692; Val Loss=1.1795, Val Acc=0.5910
2025-07-22 10:33:38,910 - experiment_ablation - INFO - log_info:112 - Epoch 20: Train Loss=0.6623, Train Acc=0.7770; Val Loss=1.3888, Val Acc=0.5890
2025-07-22 10:34:33,370 - experiment_ablation - INFO - log_info:112 - Epoch 21: Train Loss=0.6773, Train Acc=0.7795; Val Loss=1.3905, Val Acc=0.5960
2025-07-22 10:35:18,968 - experiment_ablation - INFO - log_info:112 - Epoch 22: Train Loss=0.6609, Train Acc=0.7907; Val Loss=1.3886, Val Acc=0.5940
2025-07-22 10:36:02,017 - experiment_ablation - INFO - log_info:112 - Epoch 23: Train Loss=0.6164, Train Acc=0.8093; Val Loss=1.4448, Val Acc=0.6030
2025-07-22 10:36:49,644 - experiment_ablation - INFO - log_info:112 - Epoch 24: Train Loss=0.5833, Train Acc=0.8050; Val Loss=1.3848, Val Acc=0.6020
2025-07-22 10:37:36,098 - experiment_ablation - INFO - log_info:112 - Epoch 25: Train Loss=0.5502, Train Acc=0.8313; Val Loss=1.5197, Val Acc=0.6060
2025-07-22 10:37:36,114 - experiment_ablation - INFO - log_info:112 - Completed in 1207.2s. Best Val Acc=0.6060 at epoch 25.
