2025-07-22 06:23:01,668 - experiment_ablation - INFO - log_info:112 - Experiment Logger initialized for: ablation
2025-07-22 06:23:01,668 - experiment_ablation - INFO - log_info:112 - Session ID: 20250722_062301
2025-07-22 06:23:01,668 - experiment_ablation - INFO - log_info:112 - Output directory: results\ablation_study\baseline_seed789
2025-07-22 06:23:03,498 - experiment_ablation - INFO - log_info:112 - Running ablation mode: baseline
2025-07-22 06:23:03,499 - experiment_ablation - INFO - log_info:112 - Monitor: False, Controller: False
2025-07-22 06:23:56,234 - experiment_ablation - INFO - log_info:112 - Epoch 1: Train Loss=2.0603, Train Acc=0.2435; Val Loss=1.8281, Val Acc=0.3660
2025-07-22 06:24:46,181 - experiment_ablation - INFO - log_info:112 - Epoch 2: Train Loss=1.7339, Train Acc=0.3842; Val Loss=1.5955, Val Acc=0.4560
2025-07-22 06:25:36,811 - experiment_ablation - INFO - log_info:112 - Epoch 3: Train Loss=1.5510, Train Acc=0.4485; Val Loss=1.5238, Val Acc=0.4640
2025-07-22 06:26:26,071 - experiment_ablation - INFO - log_info:112 - Epoch 4: Train Loss=1.4478, Train Acc=0.4845; Val Loss=1.3852, Val Acc=0.5110
2025-07-22 06:27:15,907 - experiment_ablation - INFO - log_info:112 - Epoch 5: Train Loss=1.3623, Train Acc=0.5135; Val Loss=1.3325, Val Acc=0.5500
2025-07-22 06:28:04,033 - experiment_ablation - INFO - log_info:112 - Epoch 6: Train Loss=1.2764, Train Acc=0.5500; Val Loss=1.3094, Val Acc=0.5320
2025-07-22 06:28:52,299 - experiment_ablation - INFO - log_info:112 - Epoch 7: Train Loss=1.2211, Train Acc=0.5630; Val Loss=1.3039, Val Acc=0.5430
2025-07-22 06:29:41,451 - experiment_ablation - INFO - log_info:112 - Epoch 8: Train Loss=1.1542, Train Acc=0.5907; Val Loss=1.2919, Val Acc=0.5460
2025-07-22 06:30:30,626 - experiment_ablation - INFO - log_info:112 - Epoch 9: Train Loss=1.0923, Train Acc=0.6162; Val Loss=1.2596, Val Acc=0.5700
2025-07-22 06:31:17,416 - experiment_ablation - INFO - log_info:112 - Epoch 10: Train Loss=1.0640, Train Acc=0.6258; Val Loss=1.2824, Val Acc=0.5530
2025-07-22 06:32:04,519 - experiment_ablation - INFO - log_info:112 - Epoch 11: Train Loss=1.0082, Train Acc=0.6432; Val Loss=1.2334, Val Acc=0.5750
2025-07-22 06:32:50,294 - experiment_ablation - INFO - log_info:112 - Epoch 12: Train Loss=0.9630, Train Acc=0.6655; Val Loss=1.2123, Val Acc=0.5670
2025-07-22 06:33:35,904 - experiment_ablation - INFO - log_info:112 - Epoch 13: Train Loss=0.9288, Train Acc=0.6777; Val Loss=1.1930, Val Acc=0.5820
2025-07-22 06:34:21,675 - experiment_ablation - INFO - log_info:112 - Epoch 14: Train Loss=0.9051, Train Acc=0.6765; Val Loss=1.2076, Val Acc=0.5830
2025-07-22 06:35:06,517 - experiment_ablation - INFO - log_info:112 - Epoch 15: Train Loss=0.8586, Train Acc=0.6973; Val Loss=1.2194, Val Acc=0.5840
2025-07-22 06:35:53,254 - experiment_ablation - INFO - log_info:112 - Epoch 16: Train Loss=0.7952, Train Acc=0.7183; Val Loss=1.1794, Val Acc=0.6010
2025-07-22 06:36:40,438 - experiment_ablation - INFO - log_info:112 - Epoch 17: Train Loss=0.7671, Train Acc=0.7285; Val Loss=1.1858, Val Acc=0.6070
2025-07-22 06:37:27,792 - experiment_ablation - INFO - log_info:112 - Epoch 18: Train Loss=0.7382, Train Acc=0.7385; Val Loss=1.2077, Val Acc=0.5970
2025-07-22 06:38:19,997 - experiment_ablation - INFO - log_info:112 - Epoch 19: Train Loss=0.7106, Train Acc=0.7498; Val Loss=1.1933, Val Acc=0.5930
2025-07-22 06:39:07,714 - experiment_ablation - INFO - log_info:112 - Epoch 20: Train Loss=0.6663, Train Acc=0.7662; Val Loss=1.2263, Val Acc=0.5860
2025-07-22 06:39:57,320 - experiment_ablation - INFO - log_info:112 - Epoch 21: Train Loss=0.6582, Train Acc=0.7698; Val Loss=1.2410, Val Acc=0.5810
2025-07-22 06:40:42,290 - experiment_ablation - INFO - log_info:112 - Epoch 22: Train Loss=0.6173, Train Acc=0.7795; Val Loss=1.2441, Val Acc=0.6000
2025-07-22 06:41:26,275 - experiment_ablation - INFO - log_info:112 - Epoch 23: Train Loss=0.5847, Train Acc=0.7945; Val Loss=1.2725, Val Acc=0.5880
2025-07-22 06:42:09,483 - experiment_ablation - INFO - log_info:112 - Epoch 24: Train Loss=0.5713, Train Acc=0.8000; Val Loss=1.2781, Val Acc=0.5910
2025-07-22 06:42:51,528 - experiment_ablation - INFO - log_info:112 - Epoch 25: Train Loss=0.5332, Train Acc=0.8150; Val Loss=1.2998, Val Acc=0.5960
2025-07-22 06:42:51,544 - experiment_ablation - INFO - log_info:112 - Completed in 1188.0s. Best Val Acc=0.6070 at epoch 17.
